app/build/outputs/logs/manifest-merger-debug-report.txt
-- Merging decision tree log ---
manifest
ADDED from src/main/AndroidManifest.xml:2:1-40:12
INJECTED from src/main/AndroidManifest.xml:2:1-40:12
INJECTED from src/main/AndroidManifest.xml:2:1-40:12
INJECTED from src/main/AndroidManifest.xml:2:1-40:12
MERGED from [com.google.android.material:material:1.3.0] AndroidManifest.xml:17:1-24:12
MERGED from [androidx.constraintlayout:constraintlayout:2.0.4] AndroidManifest.xml:2:1-11:12
MERGED from [com.volcengine.services:update-impl:1.0.0-rc.12] AndroidManifest.xml:2:1-54:12
MERGED from [com.volcengine.mars:utility:0.0.1-rc.4] AndroidManifest.xml:2:1-11:12
MERGED from [com.airbnb.android:lottie:3.7.0] AndroidManifest.xml:2:1-11:12
MERGED from [com.bytedance.applog:RangersAppLog-All-cn:6.2.1] AndroidManifest.xml:2:1-38:12
MERGED from [androidx.appcompat:appcompat:1.2.0] AndroidManifest.xml:17:1-24:12
MERGED from [com.volcengine.onekit:onekit:0.0.1-rc.15] AndroidManifest.xml:2:1-20:12
MERGED from [androidx.cursoradapter:cursoradapter:1.0.0] AndroidManifest.xml:17:1-22:12
MERGED from [androidx.viewpager2:viewpager2:1.0.0] AndroidManifest.xml:17:1-24:12
MERGED from [androidx.fragment:fragment:1.1.0] AndroidManifest.xml:17:1-24:12
MERGED from [androidx.appcompat:appcompat-resources:1.2.0] AndroidManifest.xml:17:1-24:12
MERGED from [androidx.drawerlayout:drawerlayout:1.0.0] AndroidManifest.xml:17:1-22:12
MERGED from [androidx.cardview:cardview:1.0.0] AndroidManifest.xml:17:1-22:12
MERGED from [androidx.coordinatorlayout:coordinatorlayout:1.1.0] AndroidManifest.xml:17:1-24:12
MERGED from [androidx.transition:transition:1.2.0] AndroidManifest.xml:17:1-24:12
MERGED from [androidx.vectordrawable:vectordrawable-animated:1.1.0] AndroidManifest.xml:17:1-24:12
MERGED from [androidx.vectordrawable:vectordrawable:1.1.0] AndroidManifest.xml:17:1-24:12
MERGED from [androidx.dynamicanimation:dynamicanimation:1.0.0] AndroidManifest.xml:17:1-22:12
MERGED from [androidx.viewpager:viewpager:1.0.0] AndroidManifest.xml:17:1-22:12
MERGED from [androidx.legacy:legacy-support-core-utils:1.0.0] AndroidManifest.xml:17:1-22:12
MERGED from [androidx.loader:loader:1.0.0] AndroidManifest.xml:17:1-22:12
MERGED from [androidx.activity:activity:1.0.0] AndroidManifest.xml:17:1-24:12
MERGED from [androidx.recyclerview:recyclerview:1.1.0] AndroidManifest.xml:17:1-24:12
MERGED from [androidx.customview:customview:1.0.0] AndroidManifest.xml:17:1-22:12
MERGED from [androidx.core:core:1.3.2] AndroidManifest.xml:17:1-26:12
MERGED from [androidx.localbroadcastmanager:localbroadcastmanager:1.0.0] AndroidManifest.xml:17:1-22:12
MERGED from [com.volcengine.services:update-api:1.0.0-rc.12] AndroidManifest.xml:2:1-11:12
MERGED from [androidx.versionedparcelable:versionedparcelable:1.1.0] AndroidManifest.xml:17:1-27:12
MERGED from [androidx.lifecycle:lifecycle-runtime:2.1.0] AndroidManifest.xml:17:1-22:12
MERGED from [androidx.lifecycle:lifecycle-viewmodel:2.1.0] AndroidManifest.xml:17:1-22:12
MERGED from [androidx.savedstate:savedstate:1.0.0] AndroidManifest.xml:17:1-24:12
MERGED from [androidx.interpolator:interpolator:1.0.0] AndroidManifest.xml:17:1-22:12
MERGED from [androidx.documentfile:documentfile:1.0.0] AndroidManifest.xml:17:1-22:12
MERGED from [androidx.print:print:1.0.0] AndroidManifest.xml:17:1-22:12
MERGED from [androidx.lifecycle:lifecycle-livedata:2.0.0] AndroidManifest.xml:17:1-22:12
MERGED from [androidx.lifecycle:lifecycle-livedata-core:2.0.0] AndroidManifest.xml:17:1-22:12
MERGED from [androidx.arch.core:core-runtime:2.0.0] AndroidManifest.xml:17:1-22:12
MERGED from [androidx.annotation:annotation-experimental:1.0.0] AndroidManifest.xml:17:1-24:12
MERGED from [com.bytedance.ies.social.base:downloader:1.3.3.6-rc.5] AndroidManifest.xml:2:1-31:12
MERGED from [com.bytedance.frameworks:encryptor:0.0.9-rc.2-private] AndroidManifest.xml:2:1-11:12
MERGED from [com.bytedance.mpaas:if_encryptor:1.0.0-rc.5] AndroidManifest.xml:2:1-11:12
MERGED from [com.bytedance.frameworks.baselib:utility:2.0.11] AndroidManifest.xml:2:1-7:12
INJECTED from src/main/AndroidManifest.xml:2:1-40:12
INJECTED from src/main/AndroidManifest.xml:2:1-40:12
INJECTED from src/main/AndroidManifest.xml:2:1-40:12
	package
		ADDED from src/main/AndroidManifest.xml:2:11-42
		INJECTED from src/main/AndroidManifest.xml
		INJECTED from src/main/AndroidManifest.xml
	android:versionName
		INJECTED from src/main/AndroidManifest.xml
		ADDED from src/main/AndroidManifest.xml:2:1-40:12
		INJECTED from src/main/AndroidManifest.xml
	android:versionCode
		INJECTED from src/main/AndroidManifest.xml
		ADDED from src/main/AndroidManifest.xml:2:1-40:12
		INJECTED from src/main/AndroidManifest.xml
	xmlns:android
		ADDED from src/main/AndroidManifest.xml:3:5-63
uses-permission#android.permission.INTERNET
ADDED from src/main/AndroidManifest.xml:4:5-67
MERGED from [com.volcengine.services:update-impl:1.0.0-rc.12] AndroidManifest.xml:11:5-67
MERGED from [com.volcengine.services:update-impl:1.0.0-rc.12] AndroidManifest.xml:11:5-67
MERGED from [com.bytedance.applog:RangersAppLog-All-cn:6.2.1] AndroidManifest.xml:16:5-67
MERGED from [com.bytedance.applog:RangersAppLog-All-cn:6.2.1] AndroidManifest.xml:16:5-67
	android:name
		ADDED from src/main/AndroidManifest.xml:4:22-64
uses-permission#android.permission.ACCESS_NETWORK_STATE
ADDED from src/main/AndroidManifest.xml:5:5-79
MERGED from [com.volcengine.services:update-impl:1.0.0-rc.12] AndroidManifest.xml:12:5-79
MERGED from [com.volcengine.services:update-impl:1.0.0-rc.12] AndroidManifest.xml:12:5-79
MERGED from [com.bytedance.applog:RangersAppLog-All-cn:6.2.1] AndroidManifest.xml:15:5-79
MERGED from [com.bytedance.applog:RangersAppLog-All-cn:6.2.1] AndroidManifest.xml:15:5-79
MERGED from [com.bytedance.ies.social.base:downloader:1.3.3.6-rc.5] AndroidManifest.xml:9:5-79
MERGED from [com.bytedance.ies.social.base:downloader:1.3.3.6-rc.5] AndroidManifest.xml:9:5-79
	android:name
		ADDED from src/main/AndroidManifest.xml:5:22-76
uses-permission#android.permission.READ_PHONE_STATE
ADDED from src/main/AndroidManifest.xml:6:5-75
MERGED from [com.volcengine.services:update-impl:1.0.0-rc.12] AndroidManifest.xml:13:5-75
MERGED from [com.volcengine.services:update-impl:1.0.0-rc.12] AndroidManifest.xml:13:5-75
MERGED from [com.bytedance.applog:RangersAppLog-All-cn:6.2.1] AndroidManifest.xml:11:5-75
MERGED from [com.bytedance.applog:RangersAppLog-All-cn:6.2.1] AndroidManifest.xml:11:5-75
	android:name
		ADDED from src/main/AndroidManifest.xml:6:22-72
uses-permission#android.permission.ACCESS_WIFI_STATE
ADDED from src/main/AndroidManifest.xml:7:5-76
MERGED from [com.volcengine.services:update-impl:1.0.0-rc.12] AndroidManifest.xml:14:5-76
MERGED from [com.volcengine.services:update-impl:1.0.0-rc.12] AndroidManifest.xml:14:5-76
MERGED from [com.bytedance.applog:RangersAppLog-All-cn:6.2.1] AndroidManifest.xml:14:5-76
MERGED from [com.bytedance.applog:RangersAppLog-All-cn:6.2.1] AndroidManifest.xml:14:5-76
	android:name
		ADDED from src/main/AndroidManifest.xml:7:22-73
application
ADDED from src/main/AndroidManifest.xml:9:5-38:19
MERGED from [com.google.android.material:material:1.3.0] AndroidManifest.xml:22:5-20
MERGED from [com.google.android.material:material:1.3.0] AndroidManifest.xml:22:5-20
MERGED from [androidx.constraintlayout:constraintlayout:2.0.4] AndroidManifest.xml:9:5-20
MERGED from [androidx.constraintlayout:constraintlayout:2.0.4] AndroidManifest.xml:9:5-20
MERGED from [com.volcengine.services:update-impl:1.0.0-rc.12] AndroidManifest.xml:17:5-52:19
MERGED from [com.volcengine.services:update-impl:1.0.0-rc.12] AndroidManifest.xml:17:5-52:19
MERGED from [com.airbnb.android:lottie:3.7.0] AndroidManifest.xml:9:5-20
MERGED from [com.airbnb.android:lottie:3.7.0] AndroidManifest.xml:9:5-20
MERGED from [com.bytedance.applog:RangersAppLog-All-cn:6.2.1] AndroidManifest.xml:18:5-36:19
MERGED from [com.bytedance.applog:RangersAppLog-All-cn:6.2.1] AndroidManifest.xml:18:5-36:19
MERGED from [com.volcengine.onekit:onekit:0.0.1-rc.15] AndroidManifest.xml:11:5-18:19
MERGED from [com.volcengine.onekit:onekit:0.0.1-rc.15] AndroidManifest.xml:11:5-18:19
MERGED from [androidx.core:core:1.3.2] AndroidManifest.xml:24:5-89
MERGED from [androidx.core:core:1.3.2] AndroidManifest.xml:24:5-89
MERGED from [androidx.versionedparcelable:versionedparcelable:1.1.0] AndroidManifest.xml:24:5-25:19
MERGED from [androidx.versionedparcelable:versionedparcelable:1.1.0] AndroidManifest.xml:24:5-25:19
MERGED from [com.bytedance.ies.social.base:downloader:1.3.3.6-rc.5] AndroidManifest.xml:11:5-29:19
MERGED from [com.bytedance.ies.social.base:downloader:1.3.3.6-rc.5] AndroidManifest.xml:11:5-29:19
	android:appComponentFactory
		ADDED from [androidx.core:core:1.3.2] AndroidManifest.xml:24:18-86
	android:supportsRtl
		ADDED from src/main/AndroidManifest.xml:15:9-35
	android:label
		ADDED from src/main/AndroidManifest.xml:13:9-41
	android:roundIcon
		ADDED from src/main/AndroidManifest.xml:14:9-54
	android:icon
		ADDED from src/main/AndroidManifest.xml:12:9-43
	android:allowBackup
		ADDED from src/main/AndroidManifest.xml:11:9-35
	android:theme
		ADDED from src/main/AndroidManifest.xml:16:9-44
	android:networkSecurityConfig
		ADDED from src/main/AndroidManifest.xml:17:9-69
	android:name
		ADDED from src/main/AndroidManifest.xml:10:9-54
meta-data#UPDATE_VERSION_CODE
ADDED from src/main/AndroidManifest.xml:19:9-21:35
	android:value
		ADDED from src/main/AndroidManifest.xml:21:13-33
	android:name
		ADDED from src/main/AndroidManifest.xml:20:13-47
activity#com.volcengine.update.MainActivity
ADDED from src/main/AndroidManifest.xml:22:9-28:20
	android:name
		ADDED from src/main/AndroidManifest.xml:22:19-47
intent-filter#action:name:android.intent.action.MAIN+category:name:android.intent.category.LAUNCHER
ADDED from src/main/AndroidManifest.xml:23:13-27:29
action#android.intent.action.MAIN
ADDED from src/main/AndroidManifest.xml:24:17-69
	android:name
		ADDED from src/main/AndroidManifest.xml:24:25-66
category#android.intent.category.LAUNCHER
ADDED from src/main/AndroidManifest.xml:26:17-77
	android:name
		ADDED from src/main/AndroidManifest.xml:26:27-74
provider#androidx.core.content.FileProvider
ADDED from src/main/AndroidManifest.xml:29:9-37:20
	android:grantUriPermissions
		ADDED from src/main/AndroidManifest.xml:32:13-47
	android:authorities
		ADDED from src/main/AndroidManifest.xml:30:13-58
	android:exported
		ADDED from src/main/AndroidManifest.xml:33:13-37
	android:name
		ADDED from src/main/AndroidManifest.xml:31:13-62
meta-data#android.support.FILE_PROVIDER_PATHS
ADDED from src/main/AndroidManifest.xml:34:13-36:69
	android:resource
		ADDED from src/main/AndroidManifest.xml:35:17-50
	android:name
		ADDED from src/main/AndroidManifest.xml:36:17-67
uses-sdk
INJECTED from src/main/AndroidManifest.xml reason: use-sdk injection requested
INJECTED from src/main/AndroidManifest.xml
INJECTED from src/main/AndroidManifest.xml
MERGED from [com.google.android.material:material:1.3.0] AndroidManifest.xml:20:5-44
MERGED from [com.google.android.material:material:1.3.0] AndroidManifest.xml:20:5-44
MERGED from [androidx.constraintlayout:constraintlayout:2.0.4] AndroidManifest.xml:5:5-7:41
MERGED from [androidx.constraintlayout:constraintlayout:2.0.4] AndroidManifest.xml:5:5-7:41
MERGED from [com.volcengine.services:update-impl:1.0.0-rc.12] AndroidManifest.xml:7:5-9:41
MERGED from [com.volcengine.services:update-impl:1.0.0-rc.12] AndroidManifest.xml:7:5-9:41
MERGED from [com.volcengine.mars:utility:0.0.1-rc.4] AndroidManifest.xml:7:5-9:41
MERGED from [com.volcengine.mars:utility:0.0.1-rc.4] AndroidManifest.xml:7:5-9:41
MERGED from [com.airbnb.android:lottie:3.7.0] AndroidManifest.xml:5:5-7:41
MERGED from [com.airbnb.android:lottie:3.7.0] AndroidManifest.xml:5:5-7:41
MERGED from [com.bytedance.applog:RangersAppLog-All-cn:6.2.1] AndroidManifest.xml:7:5-9:41
MERGED from [com.bytedance.applog:RangersAppLog-All-cn:6.2.1] AndroidManifest.xml:7:5-9:41
MERGED from [androidx.appcompat:appcompat:1.2.0] AndroidManifest.xml:20:5-22:41
MERGED from [androidx.appcompat:appcompat:1.2.0] AndroidManifest.xml:20:5-22:41
MERGED from [com.volcengine.onekit:onekit:0.0.1-rc.15] AndroidManifest.xml:7:5-9:41
MERGED from [com.volcengine.onekit:onekit:0.0.1-rc.15] AndroidManifest.xml:7:5-9:41
MERGED from [androidx.cursoradapter:cursoradapter:1.0.0] AndroidManifest.xml:20:5-44
MERGED from [androidx.cursoradapter:cursoradapter:1.0.0] AndroidManifest.xml:20:5-44
MERGED from [androidx.viewpager2:viewpager2:1.0.0] AndroidManifest.xml:20:5-22:41
MERGED from [androidx.viewpager2:viewpager2:1.0.0] AndroidManifest.xml:20:5-22:41
MERGED from [androidx.fragment:fragment:1.1.0] AndroidManifest.xml:20:5-22:41
MERGED from [androidx.fragment:fragment:1.1.0] AndroidManifest.xml:20:5-22:41
MERGED from [androidx.appcompat:appcompat-resources:1.2.0] AndroidManifest.xml:20:5-22:41
MERGED from [androidx.appcompat:appcompat-resources:1.2.0] AndroidManifest.xml:20:5-22:41
MERGED from [androidx.drawerlayout:drawerlayout:1.0.0] AndroidManifest.xml:20:5-44
MERGED from [androidx.drawerlayout:drawerlayout:1.0.0] AndroidManifest.xml:20:5-44
MERGED from [androidx.cardview:cardview:1.0.0] AndroidManifest.xml:20:5-44
MERGED from [androidx.cardview:cardview:1.0.0] AndroidManifest.xml:20:5-44
MERGED from [androidx.coordinatorlayout:coordinatorlayout:1.1.0] AndroidManifest.xml:20:5-22:41
MERGED from [androidx.coordinatorlayout:coordinatorlayout:1.1.0] AndroidManifest.xml:20:5-22:41
MERGED from [androidx.transition:transition:1.2.0] AndroidManifest.xml:20:5-22:41
MERGED from [androidx.transition:transition:1.2.0] AndroidManifest.xml:20:5-22:41
MERGED from [androidx.vectordrawable:vectordrawable-animated:1.1.0] AndroidManifest.xml:20:5-22:41
MERGED from [androidx.vectordrawable:vectordrawable-animated:1.1.0] AndroidManifest.xml:20:5-22:41
MERGED from [androidx.vectordrawable:vectordrawable:1.1.0] AndroidManifest.xml:20:5-22:41
MERGED from [androidx.vectordrawable:vectordrawable:1.1.0] AndroidManifest.xml:20:5-22:41
MERGED from [androidx.dynamicanimation:dynamicanimation:1.0.0] AndroidManifest.xml:20:5-44
MERGED from [androidx.dynamicanimation:dynamicanimation:1.0.0] AndroidManifest.xml:20:5-44
MERGED from [androidx.viewpager:viewpager:1.0.0] AndroidManifest.xml:20:5-44
MERGED from [androidx.viewpager:viewpager:1.0.0] AndroidManifest.xml:20:5-44
MERGED from [androidx.legacy:legacy-support-core-utils:1.0.0] AndroidManifest.xml:20:5-44
MERGED from [androidx.legacy:legacy-support-core-utils:1.0.0] AndroidManifest.xml:20:5-44
MERGED from [androidx.loader:loader:1.0.0] AndroidManifest.xml:20:5-44
MERGED from [androidx.loader:loader:1.0.0] AndroidManifest.xml:20:5-44
MERGED from [androidx.activity:activity:1.0.0] AndroidManifest.xml:20:5-22:41
MERGED from [androidx.activity:activity:1.0.0] AndroidManifest.xml:20:5-22:41
MERGED from [androidx.recyclerview:recyclerview:1.1.0] AndroidManifest.xml:20:5-22:41
MERGED from [androidx.recyclerview:recyclerview:1.1.0] AndroidManifest.xml:20:5-22:41
MERGED from [androidx.customview:customview:1.0.0] AndroidManifest.xml:20:5-44
MERGED from [androidx.customview:customview:1.0.0] AndroidManifest.xml:20:5-44
MERGED from [androidx.core:core:1.3.2] AndroidManifest.xml:20:5-22:41
MERGED from [androidx.core:core:1.3.2] AndroidManifest.xml:20:5-22:41
MERGED from [androidx.localbroadcastmanager:localbroadcastmanager:1.0.0] AndroidManifest.xml:20:5-44
MERGED from [androidx.localbroadcastmanager:localbroadcastmanager:1.0.0] AndroidManifest.xml:20:5-44
MERGED from [com.volcengine.services:update-api:1.0.0-rc.12] AndroidManifest.xml:7:5-9:41
MERGED from [com.volcengine.services:update-api:1.0.0-rc.12] AndroidManifest.xml:7:5-9:41
MERGED from [androidx.versionedparcelable:versionedparcelable:1.1.0] AndroidManifest.xml:20:5-22:41
MERGED from [androidx.versionedparcelable:versionedparcelable:1.1.0] AndroidManifest.xml:20:5-22:41
MERGED from [androidx.lifecycle:lifecycle-runtime:2.1.0] AndroidManifest.xml:20:5-44
MERGED from [androidx.lifecycle:lifecycle-runtime:2.1.0] AndroidManifest.xml:20:5-44
MERGED from [androidx.lifecycle:lifecycle-viewmodel:2.1.0] AndroidManifest.xml:20:5-44
MERGED from [androidx.lifecycle:lifecycle-viewmodel:2.1.0] AndroidManifest.xml:20:5-44
MERGED from [androidx.savedstate:savedstate:1.0.0] AndroidManifest.xml:20:5-22:41
MERGED from [androidx.savedstate:savedstate:1.0.0] AndroidManifest.xml:20:5-22:41
MERGED from [androidx.interpolator:interpolator:1.0.0] AndroidManifest.xml:20:5-44
MERGED from [androidx.interpolator:interpolator:1.0.0] AndroidManifest.xml:20:5-44
MERGED from [androidx.documentfile:documentfile:1.0.0] AndroidManifest.xml:20:5-44
MERGED from [androidx.documentfile:documentfile:1.0.0] AndroidManifest.xml:20:5-44
MERGED from [androidx.print:print:1.0.0] AndroidManifest.xml:20:5-44
MERGED from [androidx.print:print:1.0.0] AndroidManifest.xml:20:5-44
MERGED from [androidx.lifecycle:lifecycle-livedata:2.0.0] AndroidManifest.xml:20:5-44
MERGED from [androidx.lifecycle:lifecycle-livedata:2.0.0] AndroidManifest.xml:20:5-44
MERGED from [androidx.lifecycle:lifecycle-livedata-core:2.0.0] AndroidManifest.xml:20:5-44
MERGED from [androidx.lifecycle:lifecycle-livedata-core:2.0.0] AndroidManifest.xml:20:5-44
MERGED from [androidx.arch.core:core-runtime:2.0.0] AndroidManifest.xml:20:5-44
MERGED from [androidx.arch.core:core-runtime:2.0.0] AndroidManifest.xml:20:5-44
MERGED from [androidx.annotation:annotation-experimental:1.0.0] AndroidManifest.xml:20:5-22:41
MERGED from [androidx.annotation:annotation-experimental:1.0.0] AndroidManifest.xml:20:5-22:41
MERGED from [com.bytedance.ies.social.base:downloader:1.3.3.6-rc.5] AndroidManifest.xml:5:5-7:41
MERGED from [com.bytedance.ies.social.base:downloader:1.3.3.6-rc.5] AndroidManifest.xml:5:5-7:41
MERGED from [com.bytedance.frameworks:encryptor:0.0.9-rc.2-private] AndroidManifest.xml:7:5-9:41
MERGED from [com.bytedance.frameworks:encryptor:0.0.9-rc.2-private] AndroidManifest.xml:7:5-9:41
MERGED from [com.bytedance.mpaas:if_encryptor:1.0.0-rc.5] AndroidManifest.xml:7:5-9:41
MERGED from [com.bytedance.mpaas:if_encryptor:1.0.0-rc.5] AndroidManifest.xml:7:5-9:41
MERGED from [com.bytedance.frameworks.baselib:utility:2.0.11] AndroidManifest.xml:5:5-44
MERGED from [com.bytedance.frameworks.baselib:utility:2.0.11] AndroidManifest.xml:5:5-44
INJECTED from src/main/AndroidManifest.xml
INJECTED from src/main/AndroidManifest.xml
	android:targetSdkVersion
		INJECTED from src/main/AndroidManifest.xml
		ADDED from src/main/AndroidManifest.xml
		INJECTED from src/main/AndroidManifest.xml
	android:minSdkVersion
		INJECTED from src/main/AndroidManifest.xml
		ADDED from src/main/AndroidManifest.xml
		INJECTED from src/main/AndroidManifest.xml
uses-permission#android.permission.WRITE_EXTERNAL_STORAGE
ADDED from [com.volcengine.services:update-impl:1.0.0-rc.12] AndroidManifest.xml:15:5-81
MERGED from [com.bytedance.applog:RangersAppLog-All-cn:6.2.1] AndroidManifest.xml:12:5-81
MERGED from [com.bytedance.applog:RangersAppLog-All-cn:6.2.1] AndroidManifest.xml:12:5-81
	android:name
		ADDED from [com.volcengine.services:update-impl:1.0.0-rc.12] AndroidManifest.xml:15:22-78
activity#com.volcengine.mars.update.UpdateProgressActivity
ADDED from [com.volcengine.services:update-impl:1.0.0-rc.12] AndroidManifest.xml:18:9-20:52
	android:screenOrientation
		ADDED from [com.volcengine.services:update-impl:1.0.0-rc.12] AndroidManifest.xml:20:13-49
	android:name
		ADDED from [com.volcengine.services:update-impl:1.0.0-rc.12] AndroidManifest.xml:19:13-77
service#com.ss.android.socialbase.appdownloader.DownloadHandlerService
ADDED from [com.volcengine.services:update-impl:1.0.0-rc.12] AndroidManifest.xml:22:9-98
	android:name
		ADDED from [com.volcengine.services:update-impl:1.0.0-rc.12] AndroidManifest.xml:22:18-95
activity#com.ss.android.socialbase.appdownloader.view.DownloadTaskDeleteActivity
ADDED from [com.volcengine.services:update-impl:1.0.0-rc.12] AndroidManifest.xml:38:9-41:59
	android:launchMode
		ADDED from [com.volcengine.services:update-impl:1.0.0-rc.12] AndroidManifest.xml:40:13-44
	android:theme
		ADDED from [com.volcengine.services:update-impl:1.0.0-rc.12] AndroidManifest.xml:41:13-56
	android:name
		ADDED from [com.volcengine.services:update-impl:1.0.0-rc.12] AndroidManifest.xml:39:13-99
activity#com.ss.android.socialbase.appdownloader.view.JumpUnknownSourceActivity
ADDED from [com.volcengine.services:update-impl:1.0.0-rc.12] AndroidManifest.xml:42:9-45:59
	android:launchMode
		ADDED from [com.volcengine.services:update-impl:1.0.0-rc.12] AndroidManifest.xml:44:13-44
	android:theme
		ADDED from [com.volcengine.services:update-impl:1.0.0-rc.12] AndroidManifest.xml:45:13-56
	android:name
		ADDED from [com.volcengine.services:update-impl:1.0.0-rc.12] AndroidManifest.xml:43:13-98
service#com.ss.android.socialbase.appdownloader.RetryJobSchedulerService
ADDED from [com.volcengine.services:update-impl:1.0.0-rc.12] AndroidManifest.xml:47:9-51:72
	android:enabled
		ADDED from [com.volcengine.services:update-impl:1.0.0-rc.12] AndroidManifest.xml:49:13-35
	android:exported
		ADDED from [com.volcengine.services:update-impl:1.0.0-rc.12] AndroidManifest.xml:50:13-37
	android:permission
		ADDED from [com.volcengine.services:update-impl:1.0.0-rc.12] AndroidManifest.xml:51:13-69
	android:name
		ADDED from [com.volcengine.services:update-impl:1.0.0-rc.12] AndroidManifest.xml:48:13-92
uses-permission#com.asus.msa.SupplementaryDID.ACCESS
ADDED from [com.bytedance.applog:RangersAppLog-All-cn:6.2.1] AndroidManifest.xml:13:5-76
	android:name
		ADDED from [com.bytedance.applog:RangersAppLog-All-cn:6.2.1] AndroidManifest.xml:13:22-73
service#com.volcengine.onekit.component.ComponentDiscoveryService
ADDED from [com.bytedance.applog:RangersAppLog-All-cn:6.2.1] AndroidManifest.xml:19:9-28:19
	android:exported
		ADDED from [com.bytedance.applog:RangersAppLog-All-cn:6.2.1] AndroidManifest.xml:21:13-37
	android:name
		ADDED from [com.bytedance.applog:RangersAppLog-All-cn:6.2.1] AndroidManifest.xml:20:13-85
meta-data#com.bytedance.applog.onekit.AnalyticsComponentRegistrar
ADDED from [com.bytedance.applog:RangersAppLog-All-cn:6.2.1] AndroidManifest.xml:22:13-24:86
	android:value
		ADDED from [com.bytedance.applog:RangersAppLog-All-cn:6.2.1] AndroidManifest.xml:24:17-83
	android:name
		ADDED from [com.bytedance.applog:RangersAppLog-All-cn:6.2.1] AndroidManifest.xml:23:17-87
meta-data#com.bytedance.applog.onekit.DeviceComponentRegistrar
ADDED from [com.bytedance.applog:RangersAppLog-All-cn:6.2.1] AndroidManifest.xml:25:13-27:86
	android:value
		ADDED from [com.bytedance.applog:RangersAppLog-All-cn:6.2.1] AndroidManifest.xml:27:17-83
	android:name
		ADDED from [com.bytedance.applog:RangersAppLog-All-cn:6.2.1] AndroidManifest.xml:26:17-84
activity#com.bytedance.applog.migrate.MigrateDetectorActivity
ADDED from [com.bytedance.applog:RangersAppLog-All-cn:6.2.1] AndroidManifest.xml:30:9-89
	android:name
		ADDED from [com.bytedance.applog:RangersAppLog-All-cn:6.2.1] AndroidManifest.xml:30:19-86
receiver#com.bytedance.applog.collector.Collector
ADDED from [com.bytedance.applog:RangersAppLog-All-cn:6.2.1] AndroidManifest.xml:32:9-35:40
	android:enabled
		ADDED from [com.bytedance.applog:RangersAppLog-All-cn:6.2.1] AndroidManifest.xml:34:13-35
	android:exported
		ADDED from [com.bytedance.applog:RangersAppLog-All-cn:6.2.1] AndroidManifest.xml:35:13-37
	android:name
		ADDED from [com.bytedance.applog:RangersAppLog-All-cn:6.2.1] AndroidManifest.xml:33:13-68
provider#com.volcengine.onekit.OneKitInitProvider
ADDED from [com.volcengine.onekit:onekit:0.0.1-rc.15] AndroidManifest.xml:12:9-17:20
	android:authorities
		ADDED from [com.volcengine.onekit:onekit:0.0.1-rc.15] AndroidManifest.xml:14:13-92
	android:exported
		ADDED from [com.volcengine.onekit:onekit:0.0.1-rc.15] AndroidManifest.xml:15:13-37
	android:initOrder
		ADDED from [com.volcengine.onekit:onekit:0.0.1-rc.15] AndroidManifest.xml:16:13-35
	android:name
		ADDED from [com.volcengine.onekit:onekit:0.0.1-rc.15] AndroidManifest.xml:13:13-68
service#com.ss.android.socialbase.downloader.downloader.IndependentProcessDownloadService
ADDED from [com.bytedance.ies.social.base:downloader:1.3.3.6-rc.5] AndroidManifest.xml:12:9-19:19
	android:process
		ADDED from [com.bytedance.ies.social.base:downloader:1.3.3.6-rc.5] AndroidManifest.xml:15:13-42
	android:exported
		ADDED from [com.bytedance.ies.social.base:downloader:1.3.3.6-rc.5] AndroidManifest.xml:14:13-37
	android:name
		ADDED from [com.bytedance.ies.social.base:downloader:1.3.3.6-rc.5] AndroidManifest.xml:13:13-109
intent-filter#action:name:com.ss.android.socialbase.downloader.remote
ADDED from [com.bytedance.ies.social.base:downloader:1.3.3.6-rc.5] AndroidManifest.xml:16:13-18:29
action#com.ss.android.socialbase.downloader.remote
ADDED from [com.bytedance.ies.social.base:downloader:1.3.3.6-rc.5] AndroidManifest.xml:17:17-86
	android:name
		ADDED from [com.bytedance.ies.social.base:downloader:1.3.3.6-rc.5] AndroidManifest.xml:17:25-83
service#com.ss.android.socialbase.downloader.notification.DownloadNotificationService
ADDED from [com.bytedance.ies.social.base:downloader:1.3.3.6-rc.5] AndroidManifest.xml:20:9-113
	android:name
		ADDED from [com.bytedance.ies.social.base:downloader:1.3.3.6-rc.5] AndroidManifest.xml:20:18-110
service#com.ss.android.socialbase.downloader.downloader.DownloadService
ADDED from [com.bytedance.ies.social.base:downloader:1.3.3.6-rc.5] AndroidManifest.xml:21:9-99
	android:name
		ADDED from [com.bytedance.ies.social.base:downloader:1.3.3.6-rc.5] AndroidManifest.xml:21:18-96
service#com.ss.android.socialbase.downloader.impls.DownloadHandleService
ADDED from [com.bytedance.ies.social.base:downloader:1.3.3.6-rc.5] AndroidManifest.xml:22:9-100
	android:name
		ADDED from [com.bytedance.ies.social.base:downloader:1.3.3.6-rc.5] AndroidManifest.xml:22:18-97
service#com.ss.android.socialbase.downloader.downloader.SqlDownloadCacheService
ADDED from [com.bytedance.ies.social.base:downloader:1.3.3.6-rc.5] AndroidManifest.xml:28:9-107
	android:name
		ADDED from [com.bytedance.ies.social.base:downloader:1.3.3.6-rc.5] AndroidManifest.xml:28:18-104